<?xml version="1.0" encoding="UTF-8"?>
<beans xmlns="http://www.springframework.org/schema/beans"
	xmlns:xsi="http://www.w3.org/2001/XMLSchema-instance"
	xmlns:context="http://www.springframework.org/schema/context"
	xmlns:task="http://www.springframework.org/schema/task"
	xmlns:tx="http://www.springframework.org/schema/tx"
	xmlns:util="http://www.springframework.org/schema/util"
	xsi:schemaLocation="
		http://www.springframework.org/schema/beans    http://www.springframework.org/schema/beans/spring-beans-3.1.xsd
		http://www.springframework.org/schema/context  http://www.springframework.org/schema/context/spring-context-3.1.xsd
		http://www.springframework.org/schema/task     http://www.springframework.org/schema/task/spring-task-3.1.xsd
		http://www.springframework.org/schema/tx       http://www.springframework.org/schema/tx/spring-tx-3.1.xsd
		http://www.springframework.org/schema/util     http://www.springframework.org/schema/util/spring-util-3.1.xsd">

	<!-- Properties file configuration of existing beans -->
	<util:properties id="configProperties" location="file:#{systemEnvironment['SSP_TESTCONFIGDIR']}ssp-test-config.properties"/>

	<tx:annotation-driven />
	
	<bean id="liquibase" class="liquibase.integration.spring.SpringLiquibase">
		<property name="dataSource">
			<bean class="org.springframework.jdbc.datasource.SimpleDriverDataSource">
				<property name="driverClass" value="org.postgresql.Driver" />
				<property name="url" value="jdbc:postgresql://#{configProperties.db_host}:#{configProperties.db_port}/#{configProperties.db_name}" />
				<property name="username" value="#{configProperties.db_admin_username}" />
				<property name="password" value="#{configProperties.db_admin_password}" />
			</bean>
		</property>
		<property name="changeLog" value="classpath:edu/sinclair/ssp/database/masterChangeLog-test.xml" />
	</bean>

	<!-- Hibernate -->
	<bean id="transactionManager" class="org.springframework.orm.hibernate4.HibernateTransactionManager">
		<property name="sessionFactory" ref="sessionFactory" />
	</bean>

	<!-- Hibernate Session Factory -->
	<bean id="sessionFactory" class="org.springframework.orm.hibernate4.LocalSessionFactoryBean"
		depends-on="liquibase">
		<property name="dataSource" ref="sspDataSource" />
		<property name="packagesToScan" value="edu.sinclair.ssp.model"/>
		<property name="hibernateProperties">
			<value>
				hibernate.dialect=org.hibernate.dialect.PostgreSQLDialect
				hibernate.show_sql=false
			</value>
		</property>
	</bean>
	
	<bean id="sspDataSource" class="org.apache.commons.dbcp.BasicDataSource" destroy-method="close">
		<property name="driverClassName" value="org.postgresql.Driver" />
		<property name="url" value="jdbc:postgresql://#{configProperties.db_host}:#{configProperties.db_port}/#{configProperties.db_name}" />
		<property name="username" value="#{configProperties.db_username}" />
		<property name="password" value="#{configProperties.db_password}" />
		<property name="validationQuery" value="select 1" />
		<property name="maxActive" value="10" />
		<property name="maxIdle" value="5" />
		<property name="maxWait" value="10000" /> 
	</bean>
</beans>